<?xml version="1.0" encoding="UTF-8"?>
<!-- Generated by org.testng.reporters.JUnitReportReporter -->
<testsuite hostname="Sarmila" failures="0" tests="1" name="amazontest.Testcase3_Amazon_login_IncorrectEID_PWD" time="5.615" errors="0" timestamp="2024-05-03T15:22:24 CDT" skipped="0">
  <testcase classname="amazontest.Testcase3_Amazon_login_IncorrectEID_PWD" name="login_invalid_email_password" time="5.615"/>
</testsuite> <!-- amazontest.Testcase3_Amazon_login_IncorrectEID_PWD -->
