<?xml version="1.0" encoding="UTF-8"?>
<!-- Generated by org.testng.reporters.JUnitReportReporter -->
<testsuite hostname="Sarmila" failures="0" tests="1" name="amazontest.Testcase2_For_Amazon_Login" time="10.697" errors="0" timestamp="2024-05-03T16:46:50 CDT" skipped="0">
  <testcase classname="amazontest.Testcase2_For_Amazon_Login" name="Login_To_Amazon_Email" time="10.697"/>
</testsuite> <!-- amazontest.Testcase2_For_Amazon_Login -->
