<?xml version="1.0" encoding="UTF-8"?>
<!-- Generated by org.testng.reporters.JUnitReportReporter -->
<testsuite hostname="Sarmila" failures="0" tests="1" name="amazontest.Testcase15_Adding_Product" time="12.413" errors="0" timestamp="2024-05-06T08:30:09 CDT" skipped="0">
  <testcase classname="amazontest.Testcase15_Adding_Product" name="cart_page" time="12.413"/>
</testsuite> <!-- amazontest.Testcase15_Adding_Product -->
