<?xml version="1.0" encoding="UTF-8"?>
<!-- Generated by org.testng.reporters.JUnitReportReporter -->
<testsuite hostname="Sarmila" failures="0" tests="1" name="amazontest.Testcase6_Using_Filter_search" time="18.592" errors="0" timestamp="2024-05-04T08:08:25 CDT" skipped="0">
  <testcase classname="amazontest.Testcase6_Using_Filter_search" name="Searching_Product_With_Filter" time="18.592"/>
</testsuite> <!-- amazontest.Testcase6_Using_Filter_search -->
