<?xml version="1.0" encoding="UTF-8"?>
<!-- Generated by org.testng.reporters.JUnitReportReporter -->
<testsuite hostname="Sarmila" failures="0" tests="1" name="amazontest.Testcase4_Editprofile" time="12.530" errors="0" timestamp="2024-05-03T16:18:10 CDT" skipped="0">
  <testcase classname="amazontest.Testcase4_Editprofile" name="Edit_profile" time="12.530"/>
</testsuite> <!-- amazontest.Testcase4_Editprofile -->
