<?xml version="1.0" encoding="UTF-8"?>
<!-- Generated by org.testng.reporters.JUnitReportReporter -->
<testsuite hostname="Sarmila" failures="0" tests="1" name="amazontest.Testcase13_CuponCode" time="45.384" errors="0" timestamp="2024-05-06T14:43:39 CDT" skipped="0">
  <testcase classname="amazontest.Testcase13_CuponCode" name="cupon_code" time="45.384"/>
</testsuite> <!-- amazontest.Testcase13_CuponCode -->
