<?xml version="1.0" encoding="UTF-8"?>
<!-- Generated by org.testng.reporters.JUnitReportReporter -->
<testsuite hostname="Sarmila" failures="0" tests="1" name="amazontest.Testcase5_Search_Product" time="9.414" errors="0" timestamp="2024-05-04T07:48:24 CDT" skipped="0">
  <testcase classname="amazontest.Testcase5_Search_Product" name="Searching_Product" time="9.414"/>
</testsuite> <!-- amazontest.Testcase5_Search_Product -->
