<?xml version="1.0" encoding="UTF-8"?>
<!-- Generated by org.testng.reporters.JUnitReportReporter -->
<testsuite hostname="Sarmila" failures="0" tests="1" name="amazontest.Testcase_for_Amazon_Registration" time="4.705" errors="0" timestamp="2024-05-01T23:55:02 CDT" skipped="0">
  <testcase classname="amazontest.Testcase_for_Amazon_Registration" name="Registration_for_Amazon" time="4.705"/>
</testsuite> <!-- amazontest.Testcase_for_Amazon_Registration -->
