<?xml version="1.0" encoding="UTF-8"?>
<!-- Generated by org.testng.reporters.JUnitReportReporter -->
<testsuite hostname="Sarmila" failures="0" tests="1" name="amazontest.Testcase14_Rating" time="11.445" errors="0" timestamp="2024-05-06T16:29:51 CDT" skipped="0">
  <testcase classname="amazontest.Testcase14_Rating" name="fivestar_rating" time="11.445"/>
</testsuite> <!-- amazontest.Testcase14_Rating -->
