<?xml version="1.0" encoding="UTF-8"?>
<!-- Generated by org.testng.reporters.JUnitReportReporter -->
<testsuite hostname="Sarmila" failures="0" tests="1" name="amazontest.Testcase_For_Amazon_Login" time="6.636" errors="0" timestamp="2024-05-02T16:14:46 CDT" skipped="0">
  <testcase classname="amazontest.Testcase_For_Amazon_Login" name="Login_To_Amazon_Email" time="6.636"/>
</testsuite> <!-- amazontest.Testcase_For_Amazon_Login -->
