<?xml version="1.0" encoding="UTF-8"?>
<!-- Generated by org.testng.reporters.JUnitReportReporter -->
<testsuite hostname="Sarmila" failures="0" tests="1" name="ProjectFirst.Testcase1_for_Amazon_Registration" time="4.987" errors="0" timestamp="2024-06-03T14:00:55 CDT" skipped="0">
  <testcase classname="ProjectFirst.Testcase1_for_Amazon_Registration" name="Registration_for_Amazon" time="4.987"/>
</testsuite> <!-- ProjectFirst.Testcase1_for_Amazon_Registration -->
