<?xml version="1.0" encoding="UTF-8"?>
<!-- Generated by org.testng.reporters.JUnitReportReporter -->
<testsuite hostname="Sarmila" failures="0" tests="1" name="amazontest.Testcase10_Updating_Removing" time="38.337" errors="0" timestamp="2024-05-05T15:32:24 CDT" skipped="0">
  <testcase classname="amazontest.Testcase10_Updating_Removing" name="Updating_Removing" time="38.337"/>
</testsuite> <!-- amazontest.Testcase10_Updating_Removing -->
