<?xml version="1.0" encoding="UTF-8"?>
<!-- Generated by org.testng.reporters.JUnitReportReporter -->
<testsuite hostname="Sarmila" failures="0" tests="1" name="First_Mavenproject.Amazon_Project.Amazon_Registration" time="4.858" errors="0" timestamp="2024-04-30T15:51:21 CDT" skipped="0">
  <testcase classname="First_Mavenproject.Amazon_Project.Amazon_Registration" name="amaz_registration" time="4.858"/>
</testsuite> <!-- First_Mavenproject.Amazon_Project.Amazon_Registration -->
